<?xml version="1.0" encoding="UTF-8"?>
<!-- Generated by org.testng.reporters.JUnitReportReporter -->
<testsuite hostname="DESKTOP-29U6424" failures="0" tests="3" name="createContact.DataProvidersPractice1" time="0.023" errors="0" timestamp="2024-10-11T14:25:32 IST" skipped="0">
  <testcase classname="createContact.DataProvidersPractice1" name="datapro" time="0.009"/>
  <testcase classname="createContact.DataProvidersPractice1" name="datapro" time="0.003"/>
  <testcase classname="createContact.DataProvidersPractice1" name="datapro" time="0.011"/>
</testsuite> <!-- createContact.DataProvidersPractice1 -->
