<?xml version="1.0" encoding="UTF-8"?>
<!-- Generated by org.testng.reporters.JUnitReportReporter -->
<testsuite hostname="DESKTOP-29U6424" failures="0" tests="2" name="createContact.DataProvidersPractice2" time="0.012" errors="0" timestamp="2024-10-11T15:30:38 IST" skipped="0">
  <testcase classname="createContact.DataProvidersPractice2" name="data" time="0.003"/>
  <testcase classname="createContact.DataProvidersPractice2" name="data" time="0.009"/>
</testsuite> <!-- createContact.DataProvidersPractice2 -->
